<?xml version="1.0" encoding="UTF-8"?>
<testsuite name="runner.fibonacciRunner" tests="0" skipped="0" failures="0" errors="0" timestamp="1970-01-01T00:00:00" hostname="KEVINP-ARCINIEGAS" time="0.0">
  <properties/>
  <system-out><![CDATA[
?[33mUndefined scenarios:?[0m
?[33msrc/main/java/features/fibonacci.feature:9 ?[0m# secuencia en posición 0 donde retorne un valor de 0
?[33msrc/main/java/features/fibonacci.feature:14 ?[0m# secuencia en posición 1 donde retorne un valor de 1
?[33msrc/main/java/features/fibonacci.feature:19 ?[0m# secuencia en posición 2 donde retorne un valor de 1
?[33msrc/main/java/features/fibonacci.feature:24 ?[0m# secuencia en posición 9 donde retorne un valor de 34

4 Scenarios (?[33m4 undefined?[0m)
12 Steps (?[33m12 undefined?[0m)
0m0.502s


You can implement missing steps with the snippets below:

@Given("quiero conocer una secuencia de posiciones")
public void quieroConocerUnaSecuenciaDePosiciones() {
    // Write code here that turns the phrase above into concrete actions
    throw new cucumber.api.PendingException();
}

@When("enviando la posicion {int}")
public void enviandoLaPosicion(Integer int1) {
    // Write code here that turns the phrase above into concrete actions
    throw new cucumber.api.PendingException();
}

@Then("espero un {int}")
public void esperoUn(Integer int1) {
    // Write code here that turns the phrase above into concrete actions
    throw new cucumber.api.PendingException();
}


]]></system-out>
  <system-err><![CDATA[SLF4J: Failed to load class "org.slf4j.impl.StaticLoggerBinder".
SLF4J: Defaulting to no-operation (NOP) logger implementation
SLF4J: See http://www.slf4j.org/codes.html#StaticLoggerBinder for further details.
]]></system-err>
</testsuite>
