<?xml version="1.0" encoding="UTF-8"?><testsuite errors="0" failures="0" name="creación de secuencia fibonacci" skipped="4" tests="4" time="0.1" timestamp="2021-02-22 09:52:25"><testcase name="secuencia en posición 0 donde retorne un valor de 0"><skipped/></testcase><testcase name="secuencia en posición 1 donde retorne un valor de 1"><skipped/></testcase><testcase name="secuencia en posición 2 donde retorne un valor de 1"><skipped/></testcase><testcase name="secuencia en posición 9 donde retorne un valor de 34"><skipped/></testcase></testsuite>